<?xml version="1.0" encoding="UTF-8"?>
<testsuite xmlns:xsi="http://www.w3.org/2001/XMLSchema-instance" xsi:noNamespaceSchemaLocation="https://maven.apache.org/surefire/maven-surefire-plugin/xsd/surefire-test-report-3.0.xsd" version="3.0" name="org.codingdojo.YatzyOnePlusTest" time="0.147" tests="30" errors="0" skipped="0" failures="0">
  <properties>
    <property name="java.specification.version" value="17"/>
    <property name="sun.cpu.isalist" value="amd64"/>
    <property name="sun.jnu.encoding" value="Cp1252"/>
    <property name="java.class.path" value="C:\Ferry File\Mata Kuliah Sem 4\Code Reengineering\Yatzy-Refactoring-Kata-main\java\target\test-classes;C:\Ferry File\Mata Kuliah Sem 4\Code Reengineering\Yatzy-Refactoring-Kata-main\java\target\classes;C:\Users\ferry\.m2\repository\org\junit\jupiter\junit-jupiter-api\5.9.2\junit-jupiter-api-5.9.2.jar;C:\Users\ferry\.m2\repository\org\opentest4j\opentest4j\1.2.0\opentest4j-1.2.0.jar;C:\Users\ferry\.m2\repository\org\junit\platform\junit-platform-commons\1.9.2\junit-platform-commons-1.9.2.jar;C:\Users\ferry\.m2\repository\org\apiguardian\apiguardian-api\1.1.2\apiguardian-api-1.1.2.jar;C:\Users\ferry\.m2\repository\org\junit\jupiter\junit-jupiter-params\5.9.2\junit-jupiter-params-5.9.2.jar;C:\Users\ferry\.m2\repository\org\junit\jupiter\junit-jupiter-engine\5.9.2\junit-jupiter-engine-5.9.2.jar;C:\Users\ferry\.m2\repository\org\junit\platform\junit-platform-engine\1.9.2\junit-platform-engine-1.9.2.jar;C:\Users\ferry\.m2\repository\com\approvaltests\approvaltests\18.5.0\approvaltests-18.5.0.jar;C:\Users\ferry\.m2\repository\com\approvaltests\approvaltests-util\18.5.0\approvaltests-util-18.5.0.jar;C:\Users\ferry\.m2\repository\com\sun\mail\javax.mail\1.6.2\javax.mail-1.6.2.jar;C:\Users\ferry\.m2\repository\javax\activation\activation\1.1\activation-1.1.jar;C:\Users\ferry\.m2\repository\org\apache\commons\commons-lang3\3.12.0\commons-lang3-3.12.0.jar;"/>
    <property name="java.vm.vendor" value="Eclipse Adoptium"/>
    <property name="sun.arch.data.model" value="64"/>
    <property name="user.variant" value=""/>
    <property name="java.vendor.url" value="https://adoptium.net/"/>
    <property name="user.timezone" value="Asia/Jakarta"/>
    <property name="os.name" value="Windows 11"/>
    <property name="java.vm.specification.version" value="17"/>
    <property name="sun.java.launcher" value="SUN_STANDARD"/>
    <property name="user.country" value="ID"/>
    <property name="sun.boot.library.path" value="C:\Users\ferry\.p2\pool\plugins\org.eclipse.justj.openjdk.hotspot.jre.full.win32.x86_64_17.0.8.v20230831-1047\jre\bin"/>
    <property name="sun.java.command" value="C:\Users\ferry\AppData\Local\Temp\surefire3145918376475714958\surefirebooter-20240602193736634_3.jar C:\Users\ferry\AppData\Local\Temp\surefire3145918376475714958 2024-06-02T19-37-35_699-jvmRun1 surefire-20240602193736634_1tmp surefire_0-20240602193736634_2tmp"/>
    <property name="jdk.debug" value="release"/>
    <property name="surefire.test.class.path" value="C:\Ferry File\Mata Kuliah Sem 4\Code Reengineering\Yatzy-Refactoring-Kata-main\java\target\test-classes;C:\Ferry File\Mata Kuliah Sem 4\Code Reengineering\Yatzy-Refactoring-Kata-main\java\target\classes;C:\Users\ferry\.m2\repository\org\junit\jupiter\junit-jupiter-api\5.9.2\junit-jupiter-api-5.9.2.jar;C:\Users\ferry\.m2\repository\org\opentest4j\opentest4j\1.2.0\opentest4j-1.2.0.jar;C:\Users\ferry\.m2\repository\org\junit\platform\junit-platform-commons\1.9.2\junit-platform-commons-1.9.2.jar;C:\Users\ferry\.m2\repository\org\apiguardian\apiguardian-api\1.1.2\apiguardian-api-1.1.2.jar;C:\Users\ferry\.m2\repository\org\junit\jupiter\junit-jupiter-params\5.9.2\junit-jupiter-params-5.9.2.jar;C:\Users\ferry\.m2\repository\org\junit\jupiter\junit-jupiter-engine\5.9.2\junit-jupiter-engine-5.9.2.jar;C:\Users\ferry\.m2\repository\org\junit\platform\junit-platform-engine\1.9.2\junit-platform-engine-1.9.2.jar;C:\Users\ferry\.m2\repository\com\approvaltests\approvaltests\18.5.0\approvaltests-18.5.0.jar;C:\Users\ferry\.m2\repository\com\approvaltests\approvaltests-util\18.5.0\approvaltests-util-18.5.0.jar;C:\Users\ferry\.m2\repository\com\sun\mail\javax.mail\1.6.2\javax.mail-1.6.2.jar;C:\Users\ferry\.m2\repository\javax\activation\activation\1.1\activation-1.1.jar;C:\Users\ferry\.m2\repository\org\apache\commons\commons-lang3\3.12.0\commons-lang3-3.12.0.jar;"/>
    <property name="sun.cpu.endian" value="little"/>
    <property name="user.home" value="C:\Users\ferry"/>
    <property name="user.language" value="en"/>
    <property name="java.specification.vendor" value="Oracle Corporation"/>
    <property name="java.version.date" value="2023-08-24"/>
    <property name="java.home" value="C:\Users\ferry\.p2\pool\plugins\org.eclipse.justj.openjdk.hotspot.jre.full.win32.x86_64_17.0.8.v20230831-1047\jre"/>
    <property name="file.separator" value="\"/>
    <property name="style.color" value="always"/>
    <property name="basedir" value="C:\Ferry File\Mata Kuliah Sem 4\Code Reengineering\Yatzy-Refactoring-Kata-main\java"/>
    <property name="java.vm.compressedOopsMode" value="Zero based"/>
    <property name="line.separator" value="&#10;"/>
    <property name="java.vm.specification.vendor" value="Oracle Corporation"/>
    <property name="java.specification.name" value="Java Platform API Specification"/>
    <property name="surefire.real.class.path" value="C:\Users\ferry\AppData\Local\Temp\surefire3145918376475714958\surefirebooter-20240602193736634_3.jar"/>
    <property name="user.script" value=""/>
    <property name="sun.management.compiler" value="HotSpot 64-Bit Tiered Compilers"/>
    <property name="java.runtime.version" value="17.0.8.1+1"/>
    <property name="user.name" value="ferry"/>
    <property name="path.separator" value=";"/>
    <property name="os.version" value="10.0"/>
    <property name="java.runtime.name" value="OpenJDK Runtime Environment"/>
    <property name="file.encoding" value="Cp1252"/>
    <property name="java.vm.name" value="OpenJDK 64-Bit Server VM"/>
    <property name="java.vendor.version" value="Temurin-17.0.8.1+1"/>
    <property name="localRepository" value="C:\Users\ferry\.m2\repository"/>
    <property name="java.vendor.url.bug" value="https://github.com/adoptium/adoptium-support/issues"/>
    <property name="java.io.tmpdir" value="C:\Users\ferry\AppData\Local\Temp\"/>
    <property name="java.version" value="17.0.8.1"/>
    <property name="user.dir" value="C:\Ferry File\Mata Kuliah Sem 4\Code Reengineering\Yatzy-Refactoring-Kata-main\java"/>
    <property name="os.arch" value="amd64"/>
    <property name="java.vm.specification.name" value="Java Virtual Machine Specification"/>
    <property name="sun.os.patch.level" value=""/>
    <property name="native.encoding" value="Cp1252"/>
    <property name="java.library.path" value="C:\Users\ferry\.p2\pool\plugins\org.eclipse.justj.openjdk.hotspot.jre.full.win32.x86_64_17.0.8.v20230831-1047\jre\bin;C:\WINDOWS\Sun\Java\bin;C:\WINDOWS\system32;C:\WINDOWS;C:/Users/ferry/.p2/pool/plugins/org.eclipse.justj.openjdk.hotspot.jre.full.win32.x86_64_17.0.8.v20230831-1047/jre/bin/server;C:/Users/ferry/.p2/pool/plugins/org.eclipse.justj.openjdk.hotspot.jre.full.win32.x86_64_17.0.8.v20230831-1047/jre/bin;C:\WINDOWS\system32;C:\WINDOWS;C:\WINDOWS\System32\Wbem;C:\WINDOWS\System32\WindowsPowerShell\v1.0\;C:\WINDOWS\System32\OpenSSH\;C:\Program Files\Microsoft SQL Server\Client SDK\ODBC\170\Tools\Binn\;C:\Program Files\Azure Data Studio\bin;C:\Program Files\nodejs\;C:\Program Files\Git\cmd;C:\Program Files (x86)\Microsoft SQL Server\160\Tools\Binn\;C:\Program Files\Microsoft SQL Server\160\Tools\Binn\;C:\Program Files\Microsoft SQL Server\160\DTS\Binn\;C:\Program Files (x86)\Microsoft SQL Server\160\DTS\Binn\;C:\Program Files\Microsoft SQL Server\150\Tools\Binn\;C:\Program Files\Microsoft SQL Server\140\DTS\Binn\;C:\Program Files\Microsoft SQL Server\150\DTS\Binn\;C:\xampp\php;C:\ProgramData\ComposerSetup\bin;C:\Program Files\dotnet\;C:\Users\ferry\AppData\Local\Microsoft\WindowsApps;C:\Program Files\Azure Data Studio\bin;C:\Users\ferry\AppData\Local\Programs\Microsoft VS Code\bin;C:\MinGW\bin;C:\Users\ferry\AppData\Roaming\npm;C:\Users\ferry\AppData\Roaming\Composer\vendor\bin;C:\flutter\bin;C:\Users\ferry\.dotnet\tools;C:\WINDOWS\System32;;."/>
    <property name="java.vm.info" value="mixed mode"/>
    <property name="java.vendor" value="Eclipse Adoptium"/>
    <property name="java.vm.version" value="17.0.8.1+1"/>
    <property name="sun.io.unicode.encoding" value="UnicodeLittle"/>
    <property name="java.class.version" value="61.0"/>
  </properties>
  <testcase name="chance_scores_sum_of_all_dice(YatzyCalculator)[1]" classname="org.codingdojo.YatzyOnePlusTest" time="0.035"/>
  <testcase name="chance_scores_sum_of_all_dice(YatzyCalculator)[2]" classname="org.codingdojo.YatzyOnePlusTest" time="0.005"/>
  <testcase name="fullHouse(YatzyCalculator)[1]" classname="org.codingdojo.YatzyOnePlusTest" time="0.001"/>
  <testcase name="fullHouse(YatzyCalculator)[2]" classname="org.codingdojo.YatzyOnePlusTest" time="0"/>
  <testcase name="test_1s(YatzyCalculator)[1]" classname="org.codingdojo.YatzyOnePlusTest" time="0.001"/>
  <testcase name="test_1s(YatzyCalculator)[2]" classname="org.codingdojo.YatzyOnePlusTest" time="0"/>
  <testcase name="threes(YatzyCalculator)[1]" classname="org.codingdojo.YatzyOnePlusTest" time="0.001"/>
  <testcase name="threes(YatzyCalculator)[2]" classname="org.codingdojo.YatzyOnePlusTest" time="0.001"/>
  <testcase name="smallStraight(YatzyCalculator)[1]" classname="org.codingdojo.YatzyOnePlusTest" time="0.001"/>
  <testcase name="smallStraight(YatzyCalculator)[2]" classname="org.codingdojo.YatzyOnePlusTest" time="0.002"/>
  <testcase name="four_of_a_knd(YatzyCalculator)[1]" classname="org.codingdojo.YatzyOnePlusTest" time="0"/>
  <testcase name="four_of_a_knd(YatzyCalculator)[2]" classname="org.codingdojo.YatzyOnePlusTest" time="0.001"/>
  <testcase name="pair(YatzyCalculator)[1]" classname="org.codingdojo.YatzyOnePlusTest" time="0"/>
  <testcase name="pair(YatzyCalculator)[2]" classname="org.codingdojo.YatzyOnePlusTest" time="0.001"/>
  <testcase name="twos(YatzyCalculator)[1]" classname="org.codingdojo.YatzyOnePlusTest" time="0.001"/>
  <testcase name="twos(YatzyCalculator)[2]" classname="org.codingdojo.YatzyOnePlusTest" time="0.001"/>
  <testcase name="fives(YatzyCalculator)[1]" classname="org.codingdojo.YatzyOnePlusTest" time="0.001"/>
  <testcase name="fives(YatzyCalculator)[2]" classname="org.codingdojo.YatzyOnePlusTest" time="0.001"/>
  <testcase name="fours(YatzyCalculator)[1]" classname="org.codingdojo.YatzyOnePlusTest" time="0.001"/>
  <testcase name="fours(YatzyCalculator)[2]" classname="org.codingdojo.YatzyOnePlusTest" time="0"/>
  <testcase name="sixes(YatzyCalculator)[1]" classname="org.codingdojo.YatzyOnePlusTest" time="0"/>
  <testcase name="sixes(YatzyCalculator)[2]" classname="org.codingdojo.YatzyOnePlusTest" time="0.001"/>
  <testcase name="largeStraight(YatzyCalculator)[1]" classname="org.codingdojo.YatzyOnePlusTest" time="0"/>
  <testcase name="largeStraight(YatzyCalculator)[2]" classname="org.codingdojo.YatzyOnePlusTest" time="0.001"/>
  <testcase name="three_of_a_kind(YatzyCalculator)[1]" classname="org.codingdojo.YatzyOnePlusTest" time="0"/>
  <testcase name="three_of_a_kind(YatzyCalculator)[2]" classname="org.codingdojo.YatzyOnePlusTest" time="0"/>
  <testcase name="yatzy_scores_50(YatzyCalculator)[1]" classname="org.codingdojo.YatzyOnePlusTest" time="0.001"/>
  <testcase name="yatzy_scores_50(YatzyCalculator)[2]" classname="org.codingdojo.YatzyOnePlusTest" time="0"/>
  <testcase name="two_pair(YatzyCalculator)[1]" classname="org.codingdojo.YatzyOnePlusTest" time="0.001"/>
  <testcase name="two_pair(YatzyCalculator)[2]" classname="org.codingdojo.YatzyOnePlusTest" time="0.003"/>
</testsuite>